Determining if the pthread_create exist failed with the following output:
Change Dir: /mnt/hgfs/Devel/clavin/dependency/build/CMakeFiles/CMakeTmp

Run Build Command:/usr/bin/gmake "cmTryCompileExec2757211421/fast"
/usr/bin/gmake -f CMakeFiles/cmTryCompileExec2757211421.dir/build.make CMakeFiles/cmTryCompileExec2757211421.dir/build
gmake[1]: Entering directory `/mnt/hgfs/Devel/clavin/dependency/build/CMakeFiles/CMakeTmp'
/mnt/hgfs/Devel/avaa/pkg-Locktight/exports/bin/cmake -E cmake_progress_report /mnt/hgfs/Devel/clavin/dependency/build/CMakeFiles/CMakeTmp/CMakeFiles 1
Building C object CMakeFiles/cmTryCompileExec2757211421.dir/CheckSymbolExists.c.o
/usr/bin/cc    -o CMakeFiles/cmTryCompileExec2757211421.dir/CheckSymbolExists.c.o   -c /mnt/hgfs/Devel/clavin/dependency/build/CMakeFiles/CMakeTmp/CheckSymbolExists.c
Linking C executable cmTryCompileExec2757211421
/mnt/hgfs/Devel/avaa/pkg-Locktight/exports/bin/cmake -E cmake_link_script CMakeFiles/cmTryCompileExec2757211421.dir/link.txt --verbose=1
/usr/bin/cc         CMakeFiles/cmTryCompileExec2757211421.dir/CheckSymbolExists.c.o  -o cmTryCompileExec2757211421 -rdynamic 
CMakeFiles/cmTryCompileExec2757211421.dir/CheckSymbolExists.c.o: In function `main':
CheckSymbolExists.c:(.text+0x18): undefined reference to `pthread_create'
collect2: ld returned 1 exit status
gmake[1]: *** [cmTryCompileExec2757211421] Error 1
gmake[1]: Leaving directory `/mnt/hgfs/Devel/clavin/dependency/build/CMakeFiles/CMakeTmp'
gmake: *** [cmTryCompileExec2757211421/fast] Error 2

File /mnt/hgfs/Devel/clavin/dependency/build/CMakeFiles/CMakeTmp/CheckSymbolExists.c:
/* */
#include <pthread.h>

int main(int argc, char** argv)
{
  (void)argv;
#ifndef pthread_create
  return ((int*)(&pthread_create))[argc];
#else
  (void)argc;
  return 0;
#endif
}

Determining if the function pthread_create exists in the pthreads failed with the following output:
Change Dir: /mnt/hgfs/Devel/clavin/dependency/build/CMakeFiles/CMakeTmp

Run Build Command:/usr/bin/gmake "cmTryCompileExec3204755233/fast"
/usr/bin/gmake -f CMakeFiles/cmTryCompileExec3204755233.dir/build.make CMakeFiles/cmTryCompileExec3204755233.dir/build
gmake[1]: Entering directory `/mnt/hgfs/Devel/clavin/dependency/build/CMakeFiles/CMakeTmp'
/mnt/hgfs/Devel/avaa/pkg-Locktight/exports/bin/cmake -E cmake_progress_report /mnt/hgfs/Devel/clavin/dependency/build/CMakeFiles/CMakeTmp/CMakeFiles 1
Building C object CMakeFiles/cmTryCompileExec3204755233.dir/CheckFunctionExists.c.o
/usr/bin/cc   -DCHECK_FUNCTION_EXISTS=pthread_create   -o CMakeFiles/cmTryCompileExec3204755233.dir/CheckFunctionExists.c.o   -c /mnt/hgfs/Devel/avaa/pkg-Locktight/exports/share/cmake-2.8/Modules/CheckFunctionExists.c
Linking C executable cmTryCompileExec3204755233
/mnt/hgfs/Devel/avaa/pkg-Locktight/exports/bin/cmake -E cmake_link_script CMakeFiles/cmTryCompileExec3204755233.dir/link.txt --verbose=1
/usr/bin/cc     -DCHECK_FUNCTION_EXISTS=pthread_create    CMakeFiles/cmTryCompileExec3204755233.dir/CheckFunctionExists.c.o  -o cmTryCompileExec3204755233 -rdynamic -lpthreads 
/usr/bin/ld: cannot find -lpthreads
collect2: ld returned 1 exit status
gmake[1]: *** [cmTryCompileExec3204755233] Error 1
gmake[1]: Leaving directory `/mnt/hgfs/Devel/clavin/dependency/build/CMakeFiles/CMakeTmp'
gmake: *** [cmTryCompileExec3204755233/fast] Error 2


